

Processing HomeController#stats (for 127.0.0.1 at 2008-10-28 15:22:46) [GET]
  Session ID: BAh7CToMY3NyZl9pZCIlYTlmMTFlZGU4ZTk0NDk5OWExNTNkNGUxMmYwMGE2YTY6DHVzZXJfaWRpBjoOcmV0dXJuX3RvMCIKZmxhc2hJQzonQWN0aW9uQ29udHJvbGxlcjo6Rmxhc2g6OkZsYXNoSGFzaHsABjoKQHVzZWR7AA==--b613057f66bf5abee752a78b2e4020d648633ade
  Parameters: {"action"=>"stats", "controller"=>"home"}
Rendering template within layouts/sites
Rendering home/stats
Completed in 384ms (View: 3, DB: 0) | 200 OK [http://localhost/home/stats]


Processing HomeController#stats (for 127.0.0.1 at 2008-10-28 15:23:12) [GET]
  Session ID: BAh7CToMY3NyZl9pZCIlYTlmMTFlZGU4ZTk0NDk5OWExNTNkNGUxMmYwMGE2YTY6DHVzZXJfaWRpBjoOcmV0dXJuX3RvMCIKZmxhc2hJQzonQWN0aW9uQ29udHJvbGxlcjo6Rmxhc2g6OkZsYXNoSGFzaHsABjoKQHVzZWR7AA==--b613057f66bf5abee752a78b2e4020d648633ade
  Parameters: {"action"=>"stats", "controller"=>"home"}
Rendering template within layouts/sites
Rendering home/stats
Completed in 1ms (View: 1, DB: 0) | 200 OK [http://localhost/home/stats]


Processing HomeController#index (for 127.0.0.1 at 2008-10-28 15:23:15) [GET]
  Session ID: BAh7CToMY3NyZl9pZCIlYTlmMTFlZGU4ZTk0NDk5OWExNTNkNGUxMmYwMGE2YTY6DHVzZXJfaWRpBjoOcmV0dXJuX3RvMCIKZmxhc2hJQzonQWN0aW9uQ29udHJvbGxlcjo6Rmxhc2g6OkZsYXNoSGFzaHsABjoKQHVzZWR7AA==--b613057f66bf5abee752a78b2e4020d648633ade
  Parameters: {"action"=>"index", "controller"=>"home"}


ActiveRecord::StatementInvalid (Could not find table 'users'):
    /Users/mw4/.gem/ruby/1.8/gems/activerecord-2.2.0/lib/active_record/connection_adapters/sqlite3_adapter.rb:29:in `table_structure'
    /usr/local/lib/ruby/gems/1.8/gems/aws-s3-0.5.1/lib/aws/s3/extensions.rb:134:in `returning'
    /Users/mw4/.gem/ruby/1.8/gems/activerecord-2.2.0/lib/active_record/connection_adapters/sqlite3_adapter.rb:28:in `table_structure'
    /Users/mw4/.gem/ruby/1.8/gems/activerecord-2.2.0/lib/active_record/connection_adapters/sqlite_adapter.rb:189:in `columns'
    /Users/mw4/.gem/ruby/1.8/gems/activerecord-2.2.0/lib/active_record/base.rb:1220:in `columns'
    /Users/mw4/.gem/ruby/1.8/gems/activerecord-2.2.0/lib/active_record/base.rb:1233:in `column_names'
    /Users/mw4/.gem/ruby/1.8/gems/activerecord-2.2.0/lib/active_record/base.rb:1246:in `column_methods_hash'
    /Users/mw4/.gem/ruby/1.8/gems/activerecord-2.2.0/lib/active_record/base.rb:1852:in `all_attributes_exists?'
    /Users/mw4/.gem/ruby/1.8/gems/actionpack-2.2.0/lib/action_view/renderable.rb:75:in `all?'
    /Users/mw4/.gem/ruby/1.8/gems/activerecord-2.2.0/lib/active_record/base.rb:1852:in `each'
    /Users/mw4/.gem/ruby/1.8/gems/activerecord-2.2.0/lib/active_record/base.rb:1852:in `all?'
    /Users/mw4/.gem/ruby/1.8/gems/activerecord-2.2.0/lib/active_record/base.rb:1852:in `all_attributes_exists?'
    /Users/mw4/.gem/ruby/1.8/gems/activerecord-2.2.0/lib/active_record/base.rb:1770:in `method_missing'
    /lib/authenticated_system.rb:97:in `login_from_session'
    /lib/authenticated_system.rb:12:in `current_user'
    /lib/authenticated_system.rb:6:in `logged_in?'
    /app/controllers/home_controller.rb:8:in `index'
    /Users/mw4/.gem/ruby/1.8/gems/actionpack-2.2.0/lib/action_controller/base.rb:1213:in `send'
    /Users/mw4/.gem/ruby/1.8/gems/actionpack-2.2.0/lib/action_controller/base.rb:1213:in `perform_action_without_filters'
    /Users/mw4/.gem/ruby/1.8/gems/actionpack-2.2.0/lib/action_controller/filters.rb:617:in `call_filters'
    /Users/mw4/.gem/ruby/1.8/gems/actionpack-2.2.0/lib/action_controller/filters.rb:610:in `perform_action_without_benchmark'
    /Users/mw4/.gem/ruby/1.8/gems/actionpack-2.2.0/lib/action_controller/benchmarking.rb:68:in `perform_action_without_rescue'
    /usr/local/lib/ruby/1.8/benchmark.rb:293:in `measure'
    /Users/mw4/.gem/ruby/1.8/gems/actionpack-2.2.0/lib/action_controller/benchmarking.rb:68:in `perform_action_without_rescue'
    /Users/mw4/.gem/ruby/1.8/gems/actionpack-2.2.0/lib/action_controller/rescue.rb:136:in `perform_action_without_caching'
    /Users/mw4/.gem/ruby/1.8/gems/actionpack-2.2.0/lib/action_controller/caching/sql_cache.rb:13:in `perform_action'
    /Users/mw4/.gem/ruby/1.8/gems/activerecord-2.2.0/lib/active_record/connection_adapters/abstract/query_cache.rb:48:in `cache'
    /Users/mw4/.gem/ruby/1.8/gems/activerecord-2.2.0/lib/active_record/query_cache.rb:8:in `cache'
    /Users/mw4/.gem/ruby/1.8/gems/actionpack-2.2.0/lib/action_controller/caching/sql_cache.rb:12:in `perform_action'
    /Users/mw4/.gem/ruby/1.8/gems/actionpack-2.2.0/lib/action_controller/base.rb:533:in `send'
    /Users/mw4/.gem/ruby/1.8/gems/actionpack-2.2.0/lib/action_controller/base.rb:533:in `process_without_filters'
    /Users/mw4/.gem/ruby/1.8/gems/actionpack-2.2.0/lib/action_controller/filters.rb:606:in `process_without_session_management_support'
    /Users/mw4/.gem/ruby/1.8/gems/actionpack-2.2.0/lib/action_controller/session_management.rb:134:in `process'
    /Users/mw4/.gem/ruby/1.8/gems/actionpack-2.2.0/lib/action_controller/base.rb:401:in `process'
    /Users/mw4/.gem/ruby/1.8/gems/actionpack-2.2.0/lib/action_controller/dispatcher.rb:180:in `handle_request'
    /Users/mw4/.gem/ruby/1.8/gems/actionpack-2.2.0/lib/action_controller/dispatcher.rb:107:in `dispatch_unlocked'
    /Users/mw4/.gem/ruby/1.8/gems/actionpack-2.2.0/lib/action_controller/dispatcher.rb:120:in `dispatch'
    /Users/mw4/.gem/ruby/1.8/gems/actionpack-2.2.0/lib/action_controller/dispatcher.rb:119:in `synchronize'
    /Users/mw4/.gem/ruby/1.8/gems/actionpack-2.2.0/lib/action_controller/dispatcher.rb:119:in `dispatch'
    /Users/mw4/.gem/ruby/1.8/gems/actionpack-2.2.0/lib/action_controller/dispatcher.rb:129:in `dispatch_cgi'
    /Users/mw4/.gem/ruby/1.8/gems/actionpack-2.2.0/lib/action_controller/dispatcher.rb:36:in `dispatch'
    /usr/local/lib/ruby/gems/1.8/gems/mongrel-1.1.5/bin/../lib/mongrel/rails.rb:76:in `process'
    /usr/local/lib/ruby/gems/1.8/gems/mongrel-1.1.5/bin/../lib/mongrel/rails.rb:74:in `synchronize'
    /usr/local/lib/ruby/gems/1.8/gems/mongrel-1.1.5/bin/../lib/mongrel/rails.rb:74:in `process'
    /usr/local/lib/ruby/gems/1.8/gems/mongrel-1.1.5/lib/mongrel.rb:159:in `process_client'
    /usr/local/lib/ruby/gems/1.8/gems/mongrel-1.1.5/lib/mongrel.rb:158:in `each'
    /usr/local/lib/ruby/gems/1.8/gems/mongrel-1.1.5/lib/mongrel.rb:158:in `process_client'
    /usr/local/lib/ruby/gems/1.8/gems/mongrel-1.1.5/lib/mongrel.rb:285:in `run'
    /usr/local/lib/ruby/gems/1.8/gems/mongrel-1.1.5/lib/mongrel.rb:285:in `initialize'
    /usr/local/lib/ruby/gems/1.8/gems/mongrel-1.1.5/lib/mongrel.rb:285:in `new'
    /usr/local/lib/ruby/gems/1.8/gems/mongrel-1.1.5/lib/mongrel.rb:285:in `run'
    /usr/local/lib/ruby/gems/1.8/gems/mongrel-1.1.5/lib/mongrel.rb:268:in `initialize'
    /usr/local/lib/ruby/gems/1.8/gems/mongrel-1.1.5/lib/mongrel.rb:268:in `new'
    /usr/local/lib/ruby/gems/1.8/gems/mongrel-1.1.5/lib/mongrel.rb:268:in `run'
    /usr/local/lib/ruby/gems/1.8/gems/mongrel-1.1.5/lib/mongrel/configurator.rb:282:in `run'
    /usr/local/lib/ruby/gems/1.8/gems/mongrel-1.1.5/lib/mongrel/configurator.rb:281:in `each'
    /usr/local/lib/ruby/gems/1.8/gems/mongrel-1.1.5/lib/mongrel/configurator.rb:281:in `run'
    /usr/local/lib/ruby/gems/1.8/gems/mongrel-1.1.5/bin/mongrel_rails:128:in `run'
    /usr/local/lib/ruby/gems/1.8/gems/mongrel-1.1.5/lib/mongrel/command.rb:212:in `run'
    /usr/local/lib/ruby/gems/1.8/gems/mongrel-1.1.5/bin/mongrel_rails:281
    /Users/mw4/.gem/ruby/1.8/gems/activesupport-2.2.0/lib/active_support/dependencies.rb:141:in `load_without_new_constant_marking'
    /Users/mw4/.gem/ruby/1.8/gems/activesupport-2.2.0/lib/active_support/dependencies.rb:141:in `load'
    /Users/mw4/.gem/ruby/1.8/gems/activesupport-2.2.0/lib/active_support/dependencies.rb:507:in `new_constants_in'
    /Users/mw4/.gem/ruby/1.8/gems/activesupport-2.2.0/lib/active_support/dependencies.rb:141:in `load'
    /usr/local/lib/ruby/gems/1.8/gems/rails-2.2.0/lib/commands/servers/mongrel.rb:64
    /usr/local/lib/ruby/site_ruby/1.8/rubygems/custom_require.rb:27:in `gem_original_require'
    /usr/local/lib/ruby/site_ruby/1.8/rubygems/custom_require.rb:27:in `require'
    /Users/mw4/.gem/ruby/1.8/gems/activesupport-2.2.0/lib/active_support/dependencies.rb:148:in `require'
    /Users/mw4/.gem/ruby/1.8/gems/activesupport-2.2.0/lib/active_support/dependencies.rb:507:in `new_constants_in'
    /Users/mw4/.gem/ruby/1.8/gems/activesupport-2.2.0/lib/active_support/dependencies.rb:148:in `require'
    /usr/local/lib/ruby/gems/1.8/gems/rails-2.2.0/lib/commands/server.rb:49
    /usr/local/lib/ruby/site_ruby/1.8/rubygems/custom_require.rb:27:in `gem_original_require'
    /usr/local/lib/ruby/site_ruby/1.8/rubygems/custom_require.rb:27:in `require'
    ./script/server:3

Rendering /Users/mw4/.gem/ruby/1.8/gems/actionpack-2.2.0/lib/action_controller/templates/rescues/layout.erb (internal_server_error)


Processing HomeController#index (for 127.0.0.1 at 2008-10-28 15:23:41) [GET]
  Session ID: BAh7CToMY3NyZl9pZCIlYTlmMTFlZGU4ZTk0NDk5OWExNTNkNGUxMmYwMGE2YTY6DHVzZXJfaWRpBjoOcmV0dXJuX3RvMCIKZmxhc2hJQzonQWN0aW9uQ29udHJvbGxlcjo6Rmxhc2g6OkZsYXNoSGFzaHsABjoKQHVzZWR7AA==--b613057f66bf5abee752a78b2e4020d648633ade
  Parameters: {"action"=>"index", "controller"=>"home"}
Rendering home/index
Completed in 7ms (View: 3, DB: 0) | 200 OK [http://localhost/]


Processing UsersController#new (for 127.0.0.1 at 2008-10-28 15:23:43) [GET]
  Session ID: BAh7CToMY3NyZl9pZCIlYTlmMTFlZGU4ZTk0NDk5OWExNTNkNGUxMmYwMGE2YTY6DHVzZXJfaWQwOg5yZXR1cm5fdG8wIgpmbGFzaElDOidBY3Rpb25Db250cm9sbGVyOjpGbGFzaDo6Rmxhc2hIYXNoewAGOgpAdXNlZHsA--7f605ba4e23b60adb682cb2fd4620d63df2b6c50
  Parameters: {"action"=>"new", "controller"=>"users"}
Rendering users/new
Completed in 3ms (View: 1, DB: 0) | 200 OK [http://localhost/users/new]


Processing UsersController#create (for 127.0.0.1 at 2008-10-28 15:23:49) [POST]
  Session ID: BAh7CToMY3NyZl9pZCIlYTlmMTFlZGU4ZTk0NDk5OWExNTNkNGUxMmYwMGE2YTY6DHVzZXJfaWQwOg5yZXR1cm5fdG8wIgpmbGFzaElDOidBY3Rpb25Db250cm9sbGVyOjpGbGFzaDo6Rmxhc2hIYXNoewAGOgpAdXNlZHsA--7f605ba4e23b60adb682cb2fd4620d63df2b6c50
  Parameters: {"user"=>{"password_confirmation"=>"welcome", "login"=>"mza", "password"=>"welcome", "email"=>"matt.j.wood@gmail.com"}, "commit"=>"Sign up", "authenticity_token"=>"5910520697841e54d6fe52a83676483ff2342d1e", "action"=>"create", "controller"=>"users"}
Cookie set: auth_token=; path=/; expires=Thu, 01 Jan 1970 00:00:00 GMT
Redirected to /
Completed in 149ms (DB: 1) | 302 Found [http://localhost/users]


Processing HomeController#index (for 127.0.0.1 at 2008-10-28 15:23:50) [GET]
  Session ID: BAh7CToMY3NyZl9pZCIlYTlmMTFlZGU4ZTk0NDk5OWExNTNkNGUxMmYwMGE2YTY6DHVzZXJfaWRpBjoOcmV0dXJuX3RvMCIKZmxhc2hJQzonQWN0aW9uQ29udHJvbGxlcjo6Rmxhc2g6OkZsYXNoSGFzaHsGOgtub3RpY2UiG1RoYW5rcyBmb3Igc2lnbmluZyB1cCEGOgpAdXNlZHsGOwlG--8c7a91e9ff882216cf5972eb6611dead6cc80fd1
  Parameters: {"action"=>"index", "controller"=>"home"}
Rendering home/index
Completed in 4ms (View: 3, DB: 0) | 200 OK [http://localhost/]


Processing SitesController#new (for 127.0.0.1 at 2008-10-28 15:23:51) [GET]
  Session ID: BAh7CToMY3NyZl9pZCIlYTlmMTFlZGU4ZTk0NDk5OWExNTNkNGUxMmYwMGE2YTY6DHVzZXJfaWRpBjoOcmV0dXJuX3RvMCIKZmxhc2hJQzonQWN0aW9uQ29udHJvbGxlcjo6Rmxhc2g6OkZsYXNoSGFzaHsGOgtub3RpY2UiG1RoYW5rcyBmb3Igc2lnbmluZyB1cCEGOgpAdXNlZHsGOwlU--50520b53d6f0b9a15b368ca03b8918a01cfde050
  Parameters: {"action"=>"new", "controller"=>"sites"}
Rendering template within layouts/sites
Rendering sites/new
Completed in 8ms (View: 4, DB: 0) | 200 OK [http://localhost/sites/new]


Processing HomeController#index (for 127.0.0.1 at 2008-10-28 15:23:53) [GET]
  Session ID: BAh7CToMY3NyZl9pZCIlYTlmMTFlZGU4ZTk0NDk5OWExNTNkNGUxMmYwMGE2YTY6DHVzZXJfaWRpBjoOcmV0dXJuX3RvMCIKZmxhc2hJQzonQWN0aW9uQ29udHJvbGxlcjo6Rmxhc2g6OkZsYXNoSGFzaHsABjoKQHVzZWR7AA==--b613057f66bf5abee752a78b2e4020d648633ade
  Parameters: {"action"=>"index", "controller"=>"home"}
Rendering home/index
Completed in 3ms (View: 2, DB: 0) | 200 OK [http://localhost/]


Processing HomeController#stats (for 127.0.0.1 at 2008-10-28 15:23:54) [GET]
  Session ID: BAh7CToMY3NyZl9pZCIlYTlmMTFlZGU4ZTk0NDk5OWExNTNkNGUxMmYwMGE2YTY6DHVzZXJfaWRpBjoOcmV0dXJuX3RvMCIKZmxhc2hJQzonQWN0aW9uQ29udHJvbGxlcjo6Rmxhc2g6OkZsYXNoSGFzaHsABjoKQHVzZWR7AA==--b613057f66bf5abee752a78b2e4020d648633ade
  Parameters: {"action"=>"stats", "controller"=>"home"}
Rendering template within layouts/sites
Rendering home/stats
Completed in 759ms (View: 1, DB: 0) | 200 OK [http://localhost/home/stats]


Processing HomeController#index (for 127.0.0.1 at 2008-10-28 15:23:57) [GET]
  Session ID: BAh7CToMY3NyZl9pZCIlYTlmMTFlZGU4ZTk0NDk5OWExNTNkNGUxMmYwMGE2YTY6DHVzZXJfaWRpBjoOcmV0dXJuX3RvMCIKZmxhc2hJQzonQWN0aW9uQ29udHJvbGxlcjo6Rmxhc2g6OkZsYXNoSGFzaHsABjoKQHVzZWR7AA==--b613057f66bf5abee752a78b2e4020d648633ade
  Parameters: {"action"=>"index", "controller"=>"home"}
Rendering home/index
Completed in 2ms (View: 1, DB: 0) | 200 OK [http://localhost/]


Processing SitesController#new (for 127.0.0.1 at 2008-10-28 15:23:58) [GET]
  Session ID: BAh7CToMY3NyZl9pZCIlYTlmMTFlZGU4ZTk0NDk5OWExNTNkNGUxMmYwMGE2YTY6DHVzZXJfaWRpBjoOcmV0dXJuX3RvMCIKZmxhc2hJQzonQWN0aW9uQ29udHJvbGxlcjo6Rmxhc2g6OkZsYXNoSGFzaHsABjoKQHVzZWR7AA==--b613057f66bf5abee752a78b2e4020d648633ade
  Parameters: {"action"=>"new", "controller"=>"sites"}
Rendering template within layouts/sites
Rendering sites/new
Completed in 3ms (View: 2, DB: 0) | 200 OK [http://localhost/sites/new]


Processing SitesController#create (for 127.0.0.1 at 2008-10-28 15:24:04) [POST]
  Session ID: BAh7CToMY3NyZl9pZCIlYTlmMTFlZGU4ZTk0NDk5OWExNTNkNGUxMmYwMGE2YTY6DHVzZXJfaWRpBjoOcmV0dXJuX3RvMCIKZmxhc2hJQzonQWN0aW9uQ29udHJvbGxlcjo6Rmxhc2g6OkZsYXNoSGFzaHsABjoKQHVzZWR7AA==--b613057f66bf5abee752a78b2e4020d648633ade
  Parameters: {"commit"=>"Create", "authenticity_token"=>"5910520697841e54d6fe52a83676483ff2342d1e", "action"=>"create", "controller"=>"sites", "site"=>{"name"=>"My test", "nickname"=>"test", "url"=>"test.com"}}
Redirected to controllerhome
Completed in 738ms (DB: 1) | 302 Found [http://localhost/sites/create]


Processing HomeController#index (for 127.0.0.1 at 2008-10-28 15:24:05) [GET]
  Session ID: BAh7CToMY3NyZl9pZCIlYTlmMTFlZGU4ZTk0NDk5OWExNTNkNGUxMmYwMGE2YTY6DHVzZXJfaWRpBjoOcmV0dXJuX3RvMCIKZmxhc2hJQzonQWN0aW9uQ29udHJvbGxlcjo6Rmxhc2g6OkZsYXNoSGFzaHsGOgtub3RpY2UiFk5ldyBzaXRlIGNyZWF0ZWQuBjoKQHVzZWR7BjsJRg==--b8edc3c671b2f07b63bccca99e0f728806a66013
  Parameters: {"action"=>"index", "controller"=>"home"}
Rendering home/index
Completed in 5ms (View: 4, DB: 1) | 200 OK [http://localhost/]


Processing HomeController#stats (for 127.0.0.1 at 2008-10-28 15:24:06) [GET]
  Session ID: BAh7CToMY3NyZl9pZCIlYTlmMTFlZGU4ZTk0NDk5OWExNTNkNGUxMmYwMGE2YTY6DHVzZXJfaWRpBjoOcmV0dXJuX3RvMCIKZmxhc2hJQzonQWN0aW9uQ29udHJvbGxlcjo6Rmxhc2g6OkZsYXNoSGFzaHsGOgtub3RpY2UiFk5ldyBzaXRlIGNyZWF0ZWQuBjoKQHVzZWR7BjsJVA==--3886e715840c00e767b127c0b391a60e22830666
  Parameters: {"action"=>"stats", "controller"=>"home"}
Rendering template within layouts/sites
Rendering home/stats
Completed in 2ms (View: 1, DB: 0) | 200 OK [http://localhost/home/stats]


Processing HomeController#stats (for 127.0.0.1 at 2008-10-28 15:24:07) [GET]
  Session ID: BAh7CToMY3NyZl9pZCIlYTlmMTFlZGU4ZTk0NDk5OWExNTNkNGUxMmYwMGE2YTY6DHVzZXJfaWRpBjoOcmV0dXJuX3RvMCIKZmxhc2hJQzonQWN0aW9uQ29udHJvbGxlcjo6Rmxhc2g6OkZsYXNoSGFzaHsABjoKQHVzZWR7AA==--b613057f66bf5abee752a78b2e4020d648633ade
  Parameters: {"action"=>"stats", "controller"=>"home"}
Rendering template within layouts/sites
Rendering home/stats
Completed in 2ms (View: 1, DB: 0) | 200 OK [http://localhost/home/stats]


Processing HomeController#stats (for 127.0.0.1 at 2008-10-28 15:24:11) [GET]
  Session ID: BAh7CToMY3NyZl9pZCIlYTlmMTFlZGU4ZTk0NDk5OWExNTNkNGUxMmYwMGE2YTY6DHVzZXJfaWRpBjoOcmV0dXJuX3RvMCIKZmxhc2hJQzonQWN0aW9uQ29udHJvbGxlcjo6Rmxhc2g6OkZsYXNoSGFzaHsABjoKQHVzZWR7AA==--b613057f66bf5abee752a78b2e4020d648633ade
  Parameters: {"action"=>"stats", "controller"=>"home"}
Rendering template within layouts/sites
Rendering home/stats
Completed in 419ms (View: 3, DB: 0) | 200 OK [http://localhost/home/stats]
